{"message":"The controller `controllers\\robots.txt` doesn't exists! <br/>","context":{"context":"Startup","part":"runAction","extra":null},"level":300,"level_name":"WARNING","channel":"s5eba817f19835","datetime":"2020-05-12T13:18:12.299448+02:00","extra":{}}
{"message":"Route found for /_default/ : controllers\\IndexController/index","context":{"context":"Router","part":"getRouteUrlParts","extra":null},"level":200,"level_name":"INFO","channel":"s5eba817f19835","datetime":"2020-05-12T13:18:12.387963+02:00","extra":{}}
{"message":"SQLSTATE[HY000] [1049] Unknown database 'newbase'","context":{"context":"DAO","part":null,"extra":null},"level":400,"level_name":"ERROR","channel":"s5eba817f19835","datetime":"2020-05-12T13:34:02.851180+02:00","extra":{}}
{"message":"SQLSTATE[HY000] [1049] Unknown database 'newbase'","context":{"context":"DAO","part":null,"extra":null},"level":400,"level_name":"ERROR","channel":"s5eba817f19835","datetime":"2020-05-12T13:34:18.521759+02:00","extra":{}}
{"message":"Start transaction","context":{"context":"Transactions","part":"beginTransaction","extra":null},"level":200,"level_name":"INFO","channel":"s5eba817f19835","datetime":"2020-05-12T13:34:19.365969+02:00","extra":{}}
{"message":"Commit transaction","context":{"context":"Transactions","part":"commit","extra":null},"level":200,"level_name":"INFO","channel":"s5eba817f19835","datetime":"2020-05-12T13:34:22.492485+02:00","extra":{}}
{"message":"SELECT COUNT(*) FROM `inscription`","context":{"context":"Database","part":"prepareAndFetchColumn","extra":null},"level":200,"level_name":"INFO","channel":"s5eba817f19835","datetime":"2020-05-12T13:35:02.719133+02:00","extra":{}}
{"message":"SELECT COUNT(*) FROM `inscription` WHERE 1=1","context":{"context":"Database","part":"prepareAndFetchColumn","extra":null},"level":200,"level_name":"INFO","channel":"s5eba817f19835","datetime":"2020-05-12T13:37:13.536343+02:00","extra":{}}
{"message":"The controller `controllers\\InscriptionsControllers` doesn't exists! <br/>","context":{"context":"Startup","part":"runAction","extra":null},"level":300,"level_name":"WARNING","channel":"s5eba817f19835","datetime":"2020-05-12T13:46:17.935906+02:00","extra":{}}
{"message":"Route found for /InscriptionsController/inscription/ : controllers\\InscriptionsController/inscription","context":{"context":"Router","part":"getRouteUrlParts","extra":null},"level":200,"level_name":"INFO","channel":"s5eba817f19835","datetime":"2020-05-12T14:41:13.866152+02:00","extra":{}}
{"message":"Route found for /InscriptionsController/inscription/ : controllers\\InscriptionsController/inscription","context":{"context":"Router","part":"getRouteUrlParts","extra":null},"level":200,"level_name":"INFO","channel":"s5eba817f19835","datetime":"2020-05-12T14:41:44.867514+02:00","extra":{}}
{"message":"Route found for /InscriptionsController/inscription/ : controllers\\InscriptionsController/inscription","context":{"context":"Router","part":"getRouteUrlParts","extra":null},"level":200,"level_name":"INFO","channel":"s5eba817f19835","datetime":"2020-05-12T14:42:16.655929+02:00","extra":{}}
{"message":"The controller `controllers\\robots.txt` doesn't exists! <br/>","context":{"context":"Startup","part":"runAction","extra":null},"level":300,"level_name":"WARNING","channel":"s5eba817f19835","datetime":"2020-05-12T14:44:06.259151+02:00","extra":{}}
{"message":"Route found for /InscriptionsController/inscription/ : controllers\\InscriptionsController/inscription","context":{"context":"Router","part":"getRouteUrlParts","extra":null},"level":200,"level_name":"INFO","channel":"s5eba817f19835","datetime":"2020-05-12T14:44:08.155214+02:00","extra":{}}
{"message":"Route found for /InscriptionsController/inscription/ : controllers\\InscriptionsController/inscription","context":{"context":"Router","part":"getRouteUrlParts","extra":null},"level":200,"level_name":"INFO","channel":"s5eba817f19835","datetime":"2020-05-12T14:45:05.229378+02:00","extra":{}}
{"message":"Route found for /InscriptionsController/inscription/ : controllers\\InscriptionsController/inscription","context":{"context":"Router","part":"getRouteUrlParts","extra":null},"level":200,"level_name":"INFO","channel":"s5eba817f19835","datetime":"2020-05-12T14:45:23.354775+02:00","extra":{}}
{"message":"Route found for /InscriptionsController/inscription/ : controllers\\InscriptionsController/inscription","context":{"context":"Router","part":"getRouteUrlParts","extra":null},"level":200,"level_name":"INFO","channel":"s5eba817f19835","datetime":"2020-05-12T14:46:45.313568+02:00","extra":{}}
{"message":"Route found for /InscriptionsController/inscription/ : controllers\\InscriptionsController/inscription","context":{"context":"Router","part":"getRouteUrlParts","extra":null},"level":200,"level_name":"INFO","channel":"s5eba817f19835","datetime":"2020-05-12T14:47:05.986932+02:00","extra":{}}
{"message":"Route found for /InscriptionsController/inscription/ : controllers\\InscriptionsController/inscription","context":{"context":"Router","part":"getRouteUrlParts","extra":null},"level":200,"level_name":"INFO","channel":"s5eba817f19835","datetime":"2020-05-12T14:47:20.338138+02:00","extra":{}}
{"message":"Route found for /InscriptionsController/inscription/ : controllers\\InscriptionsController/inscription","context":{"context":"Router","part":"getRouteUrlParts","extra":null},"level":200,"level_name":"INFO","channel":"s5eba817f19835","datetime":"2020-05-12T14:51:51.882813+02:00","extra":{}}
{"message":"Route found for /InscriptionsController/inscription/ : controllers\\InscriptionsController/inscription","context":{"context":"Router","part":"getRouteUrlParts","extra":null},"level":200,"level_name":"INFO","channel":"s5eba817f19835","datetime":"2020-05-12T14:53:01.206879+02:00","extra":{}}
{"message":"Route found for /InscriptionsController/inscription/ : controllers\\InscriptionsController/inscription","context":{"context":"Router","part":"getRouteUrlParts","extra":null},"level":200,"level_name":"INFO","channel":"s5eba817f19835","datetime":"2020-05-12T14:53:54.516397+02:00","extra":{}}
{"message":"Route found for /InscriptionsController/inscription/ : controllers\\InscriptionsController/inscription","context":{"context":"Router","part":"getRouteUrlParts","extra":null},"level":200,"level_name":"INFO","channel":"s5eba817f19835","datetime":"2020-05-12T14:54:14.906093+02:00","extra":{}}
{"message":"Route found for /InscriptionsController/inscription/ : controllers\\InscriptionsController/inscription","context":{"context":"Router","part":"getRouteUrlParts","extra":null},"level":200,"level_name":"INFO","channel":"s5eba817f19835","datetime":"2020-05-12T14:54:15.983354+02:00","extra":{}}
{"message":"Route found for /InscriptionsController/inscription/ : controllers\\InscriptionsController/inscription","context":{"context":"Router","part":"getRouteUrlParts","extra":null},"level":200,"level_name":"INFO","channel":"s5eba817f19835","datetime":"2020-05-12T14:54:16.181908+02:00","extra":{}}
{"message":"Route found for /InscriptionsController/inscription/ : controllers\\InscriptionsController/inscription","context":{"context":"Router","part":"getRouteUrlParts","extra":null},"level":200,"level_name":"INFO","channel":"s5eba817f19835","datetime":"2020-05-12T14:54:17.006396+02:00","extra":{}}
{"message":"Route found for /InscriptionsController/inscription/ : controllers\\InscriptionsController/inscription","context":{"context":"Router","part":"getRouteUrlParts","extra":null},"level":200,"level_name":"INFO","channel":"s5eba817f19835","datetime":"2020-05-12T14:54:48.069716+02:00","extra":{}}
{"message":"Route found for /InscriptionsController/inscription/ : controllers\\InscriptionsController/inscription","context":{"context":"Router","part":"getRouteUrlParts","extra":null},"level":200,"level_name":"INFO","channel":"s5eba817f19835","datetime":"2020-05-12T14:55:21.578261+02:00","extra":{}}
{"message":"Route found for /InscriptionsController/inscription/ : controllers\\InscriptionsController/inscription","context":{"context":"Router","part":"getRouteUrlParts","extra":null},"level":200,"level_name":"INFO","channel":"s5eba817f19835","datetime":"2020-05-12T14:55:22.473298+02:00","extra":{}}
{"message":"Route found for /InscriptionsController/inscription/ : controllers\\InscriptionsController/inscription","context":{"context":"Router","part":"getRouteUrlParts","extra":null},"level":200,"level_name":"INFO","channel":"s5eba817f19835","datetime":"2020-05-12T14:55:22.677098+02:00","extra":{}}
{"message":"Route found for /InscriptionsController/inscription/ : controllers\\InscriptionsController/inscription","context":{"context":"Router","part":"getRouteUrlParts","extra":null},"level":200,"level_name":"INFO","channel":"s5eba817f19835","datetime":"2020-05-12T14:55:37.911090+02:00","extra":{}}
{"message":"Route found for /InscriptionsController/inscription/ : controllers\\InscriptionsController/inscription","context":{"context":"Router","part":"getRouteUrlParts","extra":null},"level":200,"level_name":"INFO","channel":"s5eba817f19835","datetime":"2020-05-12T14:55:38.953236+02:00","extra":{}}
{"message":"Route found for /InscriptionsController/inscription/ : controllers\\InscriptionsController/inscription","context":{"context":"Router","part":"getRouteUrlParts","extra":null},"level":200,"level_name":"INFO","channel":"s5eba817f19835","datetime":"2020-05-12T14:56:42.298845+02:00","extra":{}}
{"message":"Route found for /InscriptionsController/inscription/ : controllers\\InscriptionsController/inscription","context":{"context":"Router","part":"getRouteUrlParts","extra":null},"level":200,"level_name":"INFO","channel":"s5eba817f19835","datetime":"2020-05-12T14:56:42.973523+02:00","extra":{}}
{"message":"Route found for /InscriptionsController/inscription/ : controllers\\InscriptionsController/inscription","context":{"context":"Router","part":"getRouteUrlParts","extra":null},"level":200,"level_name":"INFO","channel":"s5eba817f19835","datetime":"2020-05-12T14:56:43.138541+02:00","extra":{}}
{"message":"Route found for /InscriptionsController/inscription/ : controllers\\InscriptionsController/inscription","context":{"context":"Router","part":"getRouteUrlParts","extra":null},"level":200,"level_name":"INFO","channel":"s5eba817f19835","datetime":"2020-05-12T14:56:46.624030+02:00","extra":{}}
{"message":"Route found for /InscriptionsController/inscription/ : controllers\\InscriptionsController/inscription","context":{"context":"Router","part":"getRouteUrlParts","extra":null},"level":200,"level_name":"INFO","channel":"s5eba817f19835","datetime":"2020-05-12T15:01:05.513769+02:00","extra":{}}
{"message":"Route found for /InscriptionsController/inscription/ : controllers\\InscriptionsController/inscription","context":{"context":"Router","part":"getRouteUrlParts","extra":null},"level":200,"level_name":"INFO","channel":"s5eba817f19835","datetime":"2020-05-12T15:03:02.416688+02:00","extra":{}}
{"message":"Route found for /InscriptionsController/inscription/ : controllers\\InscriptionsController/inscription","context":{"context":"Router","part":"getRouteUrlParts","extra":null},"level":200,"level_name":"INFO","channel":"s5eba817f19835","datetime":"2020-05-12T15:03:03.566285+02:00","extra":{}}
{"message":"Route found for /InscriptionsController/inscription/ : controllers\\InscriptionsController/inscription","context":{"context":"Router","part":"getRouteUrlParts","extra":null},"level":200,"level_name":"INFO","channel":"s5eba817f19835","datetime":"2020-05-12T15:03:03.861697+02:00","extra":{}}
{"message":"Route found for /InscriptionsController/inscription/ : controllers\\InscriptionsController/inscription","context":{"context":"Router","part":"getRouteUrlParts","extra":null},"level":200,"level_name":"INFO","channel":"s5eba817f19835","datetime":"2020-05-12T15:03:24.201906+02:00","extra":{}}
{"message":"Route found for /InscriptionsController/inscription/ : controllers\\InscriptionsController/inscription","context":{"context":"Router","part":"getRouteUrlParts","extra":null},"level":200,"level_name":"INFO","channel":"s5eba817f19835","datetime":"2020-05-12T15:06:12.448742+02:00","extra":{}}
{"message":"Route found for /InscriptionsController/inscription/ : controllers\\InscriptionsController/inscription","context":{"context":"Router","part":"getRouteUrlParts","extra":null},"level":200,"level_name":"INFO","channel":"s5eba817f19835","datetime":"2020-05-12T15:07:33.106602+02:00","extra":{}}
{"message":"Route found for /InscriptionsController/inscription/ : controllers\\InscriptionsController/inscription","context":{"context":"Router","part":"getRouteUrlParts","extra":null},"level":200,"level_name":"INFO","channel":"s5eba817f19835","datetime":"2020-05-12T15:07:56.557559+02:00","extra":{}}
{"message":"Route found for /InscriptionsController/inscription/ : controllers\\InscriptionsController/inscription","context":{"context":"Router","part":"getRouteUrlParts","extra":null},"level":200,"level_name":"INFO","channel":"s5eba817f19835","datetime":"2020-05-12T15:08:50.943341+02:00","extra":{}}
{"message":"Route found for /InscriptionsController/inscription/ : controllers\\InscriptionsController/inscription","context":{"context":"Router","part":"getRouteUrlParts","extra":null},"level":200,"level_name":"INFO","channel":"s5eba817f19835","datetime":"2020-05-12T15:09:32.126685+02:00","extra":{}}
{"message":"Route found for /InscriptionsController/inscription/ : controllers\\InscriptionsController/inscription","context":{"context":"Router","part":"getRouteUrlParts","extra":null},"level":200,"level_name":"INFO","channel":"s5eba817f19835","datetime":"2020-05-12T15:09:59.811188+02:00","extra":{}}
{"message":"Route found for /InscriptionsController/inscription/ : controllers\\InscriptionsController/inscription","context":{"context":"Router","part":"getRouteUrlParts","extra":null},"level":200,"level_name":"INFO","channel":"s5eba817f19835","datetime":"2020-05-12T15:31:16.881585+02:00","extra":{}}
{"message":"Route found for /InscriptionsController/inscription/ : controllers\\InscriptionsController/inscription","context":{"context":"Router","part":"getRouteUrlParts","extra":null},"level":200,"level_name":"INFO","channel":"s5eba817f19835","datetime":"2020-05-12T15:31:17.926566+02:00","extra":{}}
{"message":"Route found for /InscriptionsController/inscription/ : controllers\\InscriptionsController/inscription","context":{"context":"Router","part":"getRouteUrlParts","extra":null},"level":200,"level_name":"INFO","channel":"s5eba817f19835","datetime":"2020-05-12T15:34:14.870873+02:00","extra":{}}
{"message":"Route found for /InscriptionsController/inscription/ : controllers\\InscriptionsController/inscription","context":{"context":"Router","part":"getRouteUrlParts","extra":null},"level":200,"level_name":"INFO","channel":"s5eba817f19835","datetime":"2020-05-12T15:34:17.596927+02:00","extra":{}}
{"message":"Route found for /InscriptionsController/inscription/ : controllers\\InscriptionsController/inscription","context":{"context":"Router","part":"getRouteUrlParts","extra":null},"level":200,"level_name":"INFO","channel":"s5eba817f19835","datetime":"2020-05-12T15:35:41.092976+02:00","extra":{}}
{"message":"Route found for /InscriptionsController/inscription/ : controllers\\InscriptionsController/inscription","context":{"context":"Router","part":"getRouteUrlParts","extra":null},"level":200,"level_name":"INFO","channel":"s5eba817f19835","datetime":"2020-05-12T15:36:34.342570+02:00","extra":{}}
